<?xml version="1.0" encoding="UTF-8"?>
<!-- Generated by org.testng.reporters.JUnitReportReporter -->
<testsuite hostname="agilidev" failures="1" tests="2" name="Scenario_1" time="27.184" errors="1" timestamp="2025-10-19T20:09:59 CEST" skipped="0">
  <testcase classname="Scenario_1" name="TcScenario_1" time="24.916">
    <failure message="ActionAssertProperty (Scenario_1:2) -&gt; {&quot;app&quot;:&quot;msedge&quot;,&quot;errorCode&quot;:-6,&quot;errorMessage&quot;:&quot;property &#039;text&#039; with actual value &#039;Linkedin&#039; is not equals to &#039;Linkedi&#039; after 12203 ms&quot;}" type="com.ats.tools.logger.levels.AtsFailError">
      <![CDATA[com.ats.tools.logger.levels.AtsFailError: ActionAssertProperty (Scenario_1:2) -> {"app":"msedge","errorCode":-6,"errorMessage":"property 'text' with actual value 'Linkedin' is not equals to 'Linkedi' after 12203 ms"}
at com.ats.executor.ActionTestScript.actionFinished(ActionTestScript.java:1361)
at com.ats.executor.ActionTestScript.exec(ActionTestScript.java:1300)
at Scenario_1.TcScenario_1(Scenario_1.java:85)
at java.base/jdk.internal.reflect.DirectMethodHandleAccessor.invoke(DirectMethodHandleAccessor.java:104)
at java.base/java.lang.reflect.Method.invoke(Method.java:565)
at org.testng.internal.invokers.MethodInvocationHelper.invokeMethod(MethodInvocationHelper.java:141)
at org.testng.internal.invokers.TestInvoker.invokeMethod(TestInvoker.java:687)
at org.testng.internal.invokers.TestInvoker.invokeTestMethod(TestInvoker.java:230)
at org.testng.internal.invokers.MethodRunner.runInSequence(MethodRunner.java:63)
at org.testng.internal.invokers.TestInvoker$MethodInvocationAgent.invoke(TestInvoker.java:995)
at org.testng.internal.invokers.TestInvoker.invokeTestMethods(TestInvoker.java:203)
at org.testng.internal.invokers.TestMethodWorker.invokeTestMethods(TestMethodWorker.java:154)
at org.testng.internal.invokers.TestMethodWorker.run(TestMethodWorker.java:134)
at java.base/java.util.ArrayList.forEach(ArrayList.java:1604)
at org.testng.TestRunner.privateRun(TestRunner.java:741)
at org.testng.TestRunner.run(TestRunner.java:616)
at org.testng.SuiteRunner.runTest(SuiteRunner.java:421)
at org.testng.SuiteRunner.runSequentially(SuiteRunner.java:413)
at org.testng.SuiteRunner.privateRun(SuiteRunner.java:373)
at org.testng.SuiteRunner.run(SuiteRunner.java:312)
at org.testng.SuiteRunnerWorker.runSuite(SuiteRunnerWorker.java:52)
at org.testng.SuiteRunnerWorker.run(SuiteRunnerWorker.java:95)
at org.testng.TestNG.runSuitesSequentially(TestNG.java:1274)
at org.testng.TestNG.runSuitesLocally(TestNG.java:1208)
at org.testng.TestNG.runSuites(TestNG.java:1112)
at org.testng.TestNG.run(TestNG.java:1079)
at org.testng.TestNG.privateMain(TestNG.java:1430)
at org.testng.TestNG.main(TestNG.java:1394)
]]>
    </failure>
    <system-out>
      <![CDATA[- start system driver process ...
- property 'text' with actual value 'Linkedin' is not equals to 'Linkedi' after 12203 ms]]>
    </system-out>
  </testcase> <!-- TcScenario_1 -->
  <testcase classname="Scenario_1" name="cleanup" time="2.268">
    <error message="Cannot invoke &quot;com.ats.recorder.TestSummary.getActions()&quot; because &quot;testSummary[0]&quot; is null" type="java.lang.NullPointerException">
      <![CDATA[java.lang.NullPointerException: Cannot invoke "com.ats.recorder.TestSummary.getActions()" because "testSummary[0]" is null
at com.ats.tools.report.XmlReport.createReport(XmlReport.java:329)
at com.ats.recorder.VisualRecorder.terminate(VisualRecorder.java:163)
at com.ats.executor.ActionTestScript.setRecorder(ActionTestScript.java:1451)
at com.ats.executor.ActionTestScript.stopRecorder(ActionTestScript.java:1472)
at com.ats.executor.ActionTestScript.cleanup(ActionTestScript.java:673)
at java.base/jdk.internal.reflect.DirectMethodHandleAccessor.invoke(DirectMethodHandleAccessor.java:104)
at java.base/java.lang.reflect.Method.invoke(Method.java:565)
at org.testng.internal.invokers.MethodInvocationHelper.invokeMethod(MethodInvocationHelper.java:141)
at org.testng.internal.invokers.MethodInvocationHelper.invokeMethodConsideringTimeout(MethodInvocationHelper.java:71)
at org.testng.internal.invokers.ConfigInvoker.invokeConfigurationMethod(ConfigInvoker.java:400)
at org.testng.internal.invokers.ConfigInvoker.invokeConfigurations(ConfigInvoker.java:333)
at org.testng.internal.invokers.TestInvoker.runConfigMethods(TestInvoker.java:836)
at org.testng.internal.invokers.TestInvoker.runAfterConfigurations(TestInvoker.java:805)
at org.testng.internal.invokers.TestInvoker.invokeMethod(TestInvoker.java:781)
at org.testng.internal.invokers.TestInvoker.invokeTestMethod(TestInvoker.java:230)
at org.testng.internal.invokers.MethodRunner.runInSequence(MethodRunner.java:63)
at org.testng.internal.invokers.TestInvoker$MethodInvocationAgent.invoke(TestInvoker.java:995)
at org.testng.internal.invokers.TestInvoker.invokeTestMethods(TestInvoker.java:203)
at org.testng.internal.invokers.TestMethodWorker.invokeTestMethods(TestMethodWorker.java:154)
at org.testng.internal.invokers.TestMethodWorker.run(TestMethodWorker.java:134)
at java.base/java.util.ArrayList.forEach(ArrayList.java:1604)
at org.testng.TestRunner.privateRun(TestRunner.java:741)
at org.testng.TestRunner.run(TestRunner.java:616)
at org.testng.SuiteRunner.runTest(SuiteRunner.java:421)
at org.testng.SuiteRunner.runSequentially(SuiteRunner.java:413)
at org.testng.SuiteRunner.privateRun(SuiteRunner.java:373)
at org.testng.SuiteRunner.run(SuiteRunner.java:312)
at org.testng.SuiteRunnerWorker.runSuite(SuiteRunnerWorker.java:52)
at org.testng.SuiteRunnerWorker.run(SuiteRunnerWorker.java:95)
at org.testng.TestNG.runSuitesSequentially(TestNG.java:1274)
at org.testng.TestNG.runSuitesLocally(TestNG.java:1208)
at org.testng.TestNG.runSuites(TestNG.java:1112)
at org.testng.TestNG.run(TestNG.java:1079)
at org.testng.TestNG.privateMain(TestNG.java:1430)
at org.testng.TestNG.main(TestNG.java:1394)
]]>
    </error>
  </testcase> <!-- cleanup -->
  <system-out>
    <![CDATA[- execution velocity -> normal
- start system driver process ...
- property 'text' with actual value 'Linkedin' is not equals to 'Linkedi' after 12203 ms]]>
  </system-out>
</testsuite> <!-- Scenario_1 -->
